Build started 2013-12-18 02:08:17.
     1>Project "C:\Users\mm\Documents\Visual Studio 2010\Projects\lab12\lab12\lab12.vcxproj" on node 2 (build target(s)).
     1>InitializeBuildStatus:
         Creating "Debug\lab12.unsuccessfulbuild" because "AlwaysCreate" was specified.
       ClCompile:
         All outputs are up-to-date.
         F:\VIsual\VC\bin\CL.exe /c /ZI /nologo /W3 /WX- /Od /Oy- /D WIN32 /D _DEBUG /D _CONSOLE /D _UNICODE /D UNICODE /Gm /EHsc /RTC1 /MDd /GS /fp:precise /Zc:wchar_t /Zc:forScope /Yu"StdAfx.h" /Fp"Debug\lab12.pch" /Fo"Debug\\" /Fd"Debug\vc100.pdb" /Gd /TP /FIstdafx.h /analyze- /errorReport:prompt ChristmasTree.cpp
         ChristmasTree.cpp
       Link:
         F:\VIsual\VC\bin\link.exe /ERRORREPORT:PROMPT /OUT:"C:\Users\mm\Documents\Visual Studio 2010\Projects\lab12\Debug\lab12.exe" /INCREMENTAL:NO /NOLOGO kernel32.lib user32.lib gdi32.lib winspool.lib comdlg32.lib advapi32.lib shell32.lib ole32.lib oleaut32.lib uuid.lib odbc32.lib odbccp32.lib /MANIFEST /ManifestFile:"Debug\lab12.exe.intermediate.manifest" /MANIFESTUAC:"level='asInvoker' uiAccess='false'" /DEBUG /PDB:"C:\Users\mm\Documents\Visual Studio 2010\Projects\lab12\Debug\lab12.pdb" /SUBSYSTEM:CONSOLE /TLBID:1 /DYNAMICBASE /NXCOMPAT /IMPLIB:"C:\Users\mm\Documents\Visual Studio 2010\Projects\lab12\Debug\lab12.lib" /MACHINE:X86 Debug\Branch.obj
         Debug\ChristmasTree.obj
         Debug\lab12.obj
         Debug\stdafx.obj
     1>Branch.obj : warning LNK4075: ignoring '/EDITANDCONTINUE' due to '/INCREMENTAL:NO' specification
         lab12.vcxproj -> C:\Users\mm\Documents\Visual Studio 2010\Projects\lab12\Debug\lab12.exe
       Manifest:
         C:\Program Files (x86)\Microsoft SDKs\Windows\v7.0A\bin\mt.exe /nologo /verbose /outputresource:"C:\Users\mm\Documents\Visual Studio 2010\Projects\lab12\Debug\lab12.exe;#1" /manifest Debug\lab12.exe.intermediate.manifest
       FinalizeBuildStatus:
         Deleting file "Debug\lab12.unsuccessfulbuild".
         Touching "Debug\lab12.lastbuildstate".
     1>Done Building Project "C:\Users\mm\Documents\Visual Studio 2010\Projects\lab12\lab12\lab12.vcxproj" (build target(s)).

Build succeeded.

Time Elapsed 00:00:35.10
